<?xml version="1.0" encoding="UTF-8"?>
<testng-results ignored="0" total="3" passed="3" failed="0" skipped="0">
  <reporter-output>
  </reporter-output>
  <suite started-at="2022-04-23T13:38:04 GMT-07:00" name="Suite" finished-at="2022-04-23T13:38:32 GMT-07:00" duration-ms="27660">
    <groups>
    </groups>
    <test started-at="2022-04-23T13:38:04 GMT-07:00" name="Test" finished-at="2022-04-23T13:38:32 GMT-07:00" duration-ms="27660">
      <class name="com.webappsecurity.zero.testscripts.VerifyValidLoginTest">
        <test-method is-config="true" signature="openapplication()[pri:0, instance:com.webappsecurity.zero.testscripts.VerifyValidLoginTest@1de76cc7]" started-at="2022-04-23T13:38:04 GMT-07:00" name="openapplication" finished-at="2022-04-23T13:38:10 GMT-07:00" duration-ms="6168" status="PASS">
          <reporter-output>
          </reporter-output>
        </test-method> <!-- openapplication -->
        <test-method signature="verifyValidLogin()[pri:0, instance:com.webappsecurity.zero.testscripts.VerifyValidLoginTest@1de76cc7]" started-at="2022-04-23T13:38:10 GMT-07:00" name="verifyValidLogin" finished-at="2022-04-23T13:38:13 GMT-07:00" duration-ms="2572" status="PASS">
          <reporter-output>
          </reporter-output>
        </test-method> <!-- verifyValidLogin -->
        <test-method is-config="true" signature="closeapplication()[pri:0, instance:com.webappsecurity.zero.testscripts.VerifyValidLoginTest@1de76cc7]" started-at="2022-04-23T13:38:13 GMT-07:00" name="closeapplication" finished-at="2022-04-23T13:38:13 GMT-07:00" duration-ms="267" status="PASS">
          <reporter-output>
          </reporter-output>
        </test-method> <!-- closeapplication -->
      </class> <!-- com.webappsecurity.zero.testscripts.VerifyValidLoginTest -->
      <class name="com.webappsecurity.zero.testscripts.VerifyFundTransferTest">
        <test-method is-config="true" signature="openapplication()[pri:0, instance:com.webappsecurity.zero.testscripts.VerifyFundTransferTest@2805d709]" started-at="2022-04-23T13:38:19 GMT-07:00" name="openapplication" finished-at="2022-04-23T13:38:26 GMT-07:00" duration-ms="6744" status="PASS">
          <reporter-output>
          </reporter-output>
        </test-method> <!-- openapplication -->
        <test-method signature="doFundTransfer()[pri:0, instance:com.webappsecurity.zero.testscripts.VerifyFundTransferTest@2805d709]" started-at="2022-04-23T13:38:26 GMT-07:00" name="doFundTransfer" finished-at="2022-04-23T13:38:32 GMT-07:00" duration-ms="5998" status="PASS">
          <reporter-output>
          </reporter-output>
        </test-method> <!-- doFundTransfer -->
        <test-method is-config="true" signature="closeapplication()[pri:0, instance:com.webappsecurity.zero.testscripts.VerifyFundTransferTest@2805d709]" started-at="2022-04-23T13:38:32 GMT-07:00" name="closeapplication" finished-at="2022-04-23T13:38:32 GMT-07:00" duration-ms="247" status="PASS">
          <reporter-output>
          </reporter-output>
        </test-method> <!-- closeapplication -->
      </class> <!-- com.webappsecurity.zero.testscripts.VerifyFundTransferTest -->
      <class name="com.webappsecurity.zero.testscripts.VerifyInvalidLoginTest">
        <test-method is-config="true" signature="openapplication()[pri:0, instance:com.webappsecurity.zero.testscripts.VerifyInvalidLoginTest@6e0f5f7f]" started-at="2022-04-23T13:38:13 GMT-07:00" name="openapplication" finished-at="2022-04-23T13:38:18 GMT-07:00" duration-ms="4683" status="PASS">
          <reporter-output>
          </reporter-output>
        </test-method> <!-- openapplication -->
        <test-method signature="InvalidLogin()[pri:0, instance:com.webappsecurity.zero.testscripts.VerifyInvalidLoginTest@6e0f5f7f]" started-at="2022-04-23T13:38:18 GMT-07:00" name="InvalidLogin" finished-at="2022-04-23T13:38:19 GMT-07:00" duration-ms="635" status="PASS">
          <reporter-output>
          </reporter-output>
        </test-method> <!-- InvalidLogin -->
        <test-method is-config="true" signature="closeapplication()[pri:0, instance:com.webappsecurity.zero.testscripts.VerifyInvalidLoginTest@6e0f5f7f]" started-at="2022-04-23T13:38:19 GMT-07:00" name="closeapplication" finished-at="2022-04-23T13:38:19 GMT-07:00" duration-ms="285" status="PASS">
          <reporter-output>
          </reporter-output>
        </test-method> <!-- closeapplication -->
      </class> <!-- com.webappsecurity.zero.testscripts.VerifyInvalidLoginTest -->
    </test> <!-- Test -->
  </suite> <!-- Suite -->
</testng-results>
