<?xml version="1.0" encoding="UTF-8"?>
<!-- Generated by org.testng.reporters.JUnitXMLReporter -->
<testsuite ignored="0" hostname="DESKTOP-MP5P5GA" failures="0" tests="3" name="Test" time="127.781" errors="0" timestamp="2022-03-21T20:13:43 GMT-07:00">
  <testcase classname="com.webappsecurity.zero.testscripts.VerifyValidLoginTest" name="verifyValidLogin" time="6.983"/>
  <testcase classname="com.webappsecurity.zero.testscripts.VerifyInvalidLoginTest" name="InvalidLogin" time="2.638"/>
  <testcase classname="com.webappsecurity.zero.testscripts.VerifyFundTransferTest" name="doFundTransfer" time="12.607"/>
</testsuite> <!-- Test -->
