<?xml version="1.0" encoding="UTF-8"?>
<!-- Generated by org.testng.reporters.JUnitXMLReporter -->
<testsuite ignored="0" hostname="DESKTOP-MP5P5GA" failures="0" tests="3" name="Test" time="27.66" errors="0" timestamp="2022-04-23T13:38:32 GMT-07:00">
  <testcase classname="com.webappsecurity.zero.testscripts.VerifyValidLoginTest" name="verifyValidLogin" time="2.572"/>
  <testcase classname="com.webappsecurity.zero.testscripts.VerifyInvalidLoginTest" name="InvalidLogin" time="0.635"/>
  <testcase classname="com.webappsecurity.zero.testscripts.VerifyFundTransferTest" name="doFundTransfer" time="5.998"/>
</testsuite> <!-- Test -->
