<?xml version="1.0" encoding="UTF-8"?>
<!-- Generated by org.testng.reporters.JUnitXMLReporter -->
<testsuite ignored="0" hostname="DESKTOP-MP5P5GA" failures="0" tests="3" name="Default test" time="0.147" errors="0" timestamp="2022-05-07T09:02:23 GMT-07:00">
  <testcase classname="Class_pack.Class_4" name="logintest" time="0.024"/>
  <testcase classname="Class_pack.Class_4" name="logintest" time="0.008"/>
  <testcase classname="Class_pack.Class_4" name="logintest" time="0.015"/>
</testsuite> <!-- Default test -->
