<?xml version="1.0" encoding="UTF-8"?>
<!-- Generated by org.testng.reporters.JUnitXMLReporter -->
<testsuite ignored="0" hostname="DESKTOP-MP5P5GA" failures="0" tests="5" name="chrome Test" time="101.335" errors="0" timestamp="2022-04-22T19:57:22 GMT-07:00">
  <testcase classname="Demo.Multiple_validaations" name="verifypagetitle" time="0.025"/>
  <testcase classname="Demo.Verifypagetitle" name="verifytitle" time="0.014"/>
  <testcase classname="Demo.Multiple_validaations" name="verifyText" time="0.725"/>
  <testcase classname="Demo.Multiple_validaations" name="verifylogin" time="0.095"/>
  <testcase classname="Demo.Multiple_validaations" name="verifysearchbutton" time="0.229"/>
</testsuite> <!-- chrome Test -->
