<?xml version="1.0" encoding="UTF-8"?>
<!-- Generated by org.testng.reporters.JUnitXMLReporter -->
<testsuite ignored="0" hostname="DESKTOP-MP5P5GA" failures="0" tests="5" name="Edge Test" time="98.818" errors="0" timestamp="2022-04-22T19:57:19 GMT-07:00">
  <testcase classname="Demo.Multiple_validaations" name="verifypagetitle" time="2.397"/>
  <testcase classname="Demo.Verifypagetitle" name="verifytitle" time="0.012"/>
  <testcase classname="Demo.Multiple_validaations" name="verifyText" time="0.751"/>
  <testcase classname="Demo.Multiple_validaations" name="verifylogin" time="0.056"/>
  <testcase classname="Demo.Multiple_validaations" name="verifysearchbutton" time="0.299"/>
</testsuite> <!-- Edge Test -->
