<?xml version="1.0" encoding="UTF-8"?>
<!-- Generated by org.testng.reporters.JUnitXMLReporter -->
<testsuite ignored="0" hostname="DESKTOP-MP5P5GA" failures="0" tests="5" name="Firefox Test" time="93.928" errors="0" timestamp="2022-04-22T19:57:14 GMT-07:00">
  <testcase classname="Demo.Multiple_validaations" name="verifypagetitle" time="0.024"/>
  <testcase classname="Demo.Verifypagetitle" name="verifytitle" time="0.112"/>
  <testcase classname="Demo.Multiple_validaations" name="verifyText" time="0.188"/>
  <testcase classname="Demo.Multiple_validaations" name="verifylogin" time="0.166"/>
  <testcase classname="Demo.Multiple_validaations" name="verifysearchbutton" time="0.072"/>
</testsuite> <!-- Firefox Test -->
