<?xml version="1.0" encoding="UTF-8"?>
<testng-results ignored="0" total="0" passed="0" failed="0" skipped="0">
  <reporter-output>
  </reporter-output>
  <suite started-at="2022-05-15T10:47:59 GMT-07:00" name="Suite" finished-at="2022-05-15T10:47:59 GMT-07:00" duration-ms="13">
    <groups>
    </groups>
    <test started-at="2022-05-15T10:47:59 GMT-07:00" name="Test1" finished-at="2022-05-15T10:47:59 GMT-07:00" duration-ms="13">
    </test> <!-- Test1 -->
  </suite> <!-- Suite -->
</testng-results>
